#
# There is insufficient memory for the Java Runtime Environment to continue.
# Native memory allocation (malloc) failed to allocate 529616 bytes for Chunk::new
# Possible reasons:
#   The system is out of physical RAM or swap space
#   In 32 bit mode, the process size limit was hit
# Possible solutions:
#   Reduce memory load on the system
#   Increase physical memory or swap space
#   Check if swap backing store is full
#   Use 64 bit Java on a 64 bit OS
#   Decrease Java heap size (-Xmx/-Xms)
#   Decrease number of Java threads
#   Decrease Java thread stack sizes (-Xss)
#   Set larger code cache with -XX:ReservedCodeCacheSize=
# This output file may be truncated or incomplete.
#
#  Out of Memory Error (allocation.cpp:390), pid=112636, tid=0x000000000001b514
#
# JRE version: Java(TM) SE Runtime Environment (8.0_101-b13) (build 1.8.0_101-b13)
# Java VM: Java HotSpot(TM) 64-Bit Server VM (25.101-b13 mixed mode windows-amd64 compressed oops)
# Failed to write core dump. Minidumps are not enabled by default on client versions of Windows
#

---------------  T H R E A D  ---------------

Current thread (0x000000001af73000):  JavaThread "C2 CompilerThread0" daemon [_thread_in_native, id=111892, stack(0x000000001ad20000,0x000000001ae20000)]

Stack: [0x000000001ad20000,0x000000001ae20000]
[error occurred during error reporting (printing stack bounds), id 0xc0000005]

Native frames: (J=compiled Java code, j=interpreted, Vv=VM code, C=native code)


Current CompileTask:
C2:  36818 6355   !   4       org.springframework.beans.factory.support.DefaultListableBeanFactory::doGetBeanNamesForType (593 bytes)


---------------  P R O C E S S  ---------------

Java Threads: ( => current thread )
  0x000000001f293800 JavaThread "pool-6-thread-2" [_thread_blocked, id=111180, stack(0x0000000024f30000,0x0000000025030000)]
  0x000000001f293000 JavaThread "AMQP Connection 127.0.0.1:5672" [_thread_in_native, id=111124, stack(0x0000000021430000,0x0000000021530000)]
  0x000000001f296800 JavaThread "container-0" [_thread_blocked, id=108092, stack(0x00000000263f0000,0x00000000264f0000)]
  0x000000001f296000 JavaThread "ContainerBackgroundProcessor[StandardEngine[Tomcat]]" daemon [_thread_blocked, id=109700, stack(0x0000000022720000,0x0000000022820000)]
  0x000000001f295000 JavaThread "SimplePauseDetectorThread_0" daemon [_thread_blocked, id=109664, stack(0x0000000024d10000,0x0000000024e10000)]
  0x000000001f294800 JavaThread "Thread-5" daemon [_thread_blocked, id=109652, stack(0x0000000024b30000,0x0000000024c30000)]
  0x000000001f240000 JavaThread "spring.cloud.inetutils" daemon [_thread_blocked, id=109164, stack(0x000000001e710000,0x000000001e810000)]
  0x000000001c331800 JavaThread "Monitor Ctrl-Break" daemon [_thread_in_native, id=105284, stack(0x000000001c740000,0x000000001c840000)]
  0x000000001b018000 JavaThread "Service Thread" daemon [_thread_blocked, id=111904, stack(0x000000001bbc0000,0x000000001bcc0000)]
  0x000000001af87000 JavaThread "C1 CompilerThread2" daemon [_thread_in_vm, id=111912, stack(0x000000001b980000,0x000000001ba80000)]
  0x000000001af86000 JavaThread "C2 CompilerThread1" daemon [_thread_in_native, id=111872, stack(0x000000001b720000,0x000000001b820000)]
=>0x000000001af73000 JavaThread "C2 CompilerThread0" daemon [_thread_in_native, id=111892, stack(0x000000001ad20000,0x000000001ae20000)]
  0x000000001af72800 JavaThread "Attach Listener" daemon [_thread_blocked, id=111880, stack(0x000000001b590000,0x000000001b690000)]
  0x0000000019a8a800 JavaThread "Signal Dispatcher" daemon [_thread_blocked, id=111768, stack(0x000000001b410000,0x000000001b510000)]
  0x0000000019a78000 JavaThread "Finalizer" daemon [_thread_blocked, id=111772, stack(0x000000001ae60000,0x000000001af60000)]
  0x0000000019a31000 JavaThread "Reference Handler" daemon [_thread_blocked, id=111788, stack(0x000000001ab90000,0x000000001ac90000)]
  0x0000000002480800 JavaThread "main" [_thread_in_vm, id=111736, stack(0x00000000025a0000,0x00000000026a0000)]

Other Threads:
  0x0000000019a29800 VMThread [stack: 0x000000001aa30000,0x000000001ab30000] [id=111820]
  0x000000001b09e800 WatcherThread [stack: 0x000000001bd20000,0x000000001be20000] [id=110808]

VM state:not at safepoint (normal execution)

VM Mutex/Monitor currently owned by a thread: None

Heap:
 PSYoungGen      total 467456K, used 36826K [0x0000000780700000, 0x00000007a4b80000, 0x00000007c0000000)
  eden space 442880K, 8% used [0x0000000780700000,0x0000000782af68d8,0x000000079b780000)
  from space 24576K, 0% used [0x000000079b780000,0x000000079b780000,0x000000079cf80000)
  to   space 24576K, 0% used [0x00000007a3380000,0x00000007a3380000,0x00000007a4b80000)
 ParOldGen       total 151552K, used 33530K [0x0000000701400000, 0x000000070a800000, 0x0000000780700000)
  object space 151552K, 22% used [0x0000000701400000,0x00000007034bea38,0x000000070a800000)
 Metaspace       used 57284K, capacity 60124K, committed 60416K, reserved 1101824K
  class space    used 7697K, capacity 8186K, committed 8192K, reserved 1048576K

Card table byte_map: [0x0000000011a60000,0x0000000012060000] byte_map_base: 0x000000000e256000

Marking Bits: (ParMarkBitMap*) 0x00000000707ea6d0
 Begin Bits: [0x0000000012b30000, 0x0000000015ae0000)
 End Bits:   [0x0000000015ae0000, 0x0000000018a90000)

Polling page: 0x0000000001ce0000

CodeCache: size=245760Kb used=20158Kb max_used=20490Kb free=225601Kb
 bounds [0x00000000026a0000, 0x0000000003ac0000, 0x00000000116a0000]
 total_blobs=6019 nmethods=5518 adapters=413
 compilation: enabled

Compilation events (10 events):
Event: 36.667 Thread 0x000000001af87000 6495       2       java.io.FilterInputStream::read (8 bytes)
Event: 36.667 Thread 0x000000001af87000 nmethod 6495 0x0000000003795190 code [0x0000000003795300, 0x0000000003795488]
Event: 36.737 Thread 0x000000001af87000 6496       2       sun.misc.ProxyGenerator$ProxyMethod::codeWrapArgument (171 bytes)
Event: 36.739 Thread 0x000000001af87000 nmethod 6496 0x0000000003793990 code [0x0000000003793c20, 0x0000000003794648]
Event: 36.741 Thread 0x000000001af87000 6497  s    2       java.io.DataOutputStream::write (14 bytes)
Event: 36.742 Thread 0x000000001af87000 nmethod 6497 0x0000000003793450 code [0x00000000037935c0, 0x00000000037938c8]
Event: 36.796 Thread 0x000000001af87000 6502       2       org.springframework.core.annotation.SynthesizedAnnotationInvocationHandler::<init> (29 bytes)
Event: 36.796 Thread 0x000000001af87000 nmethod 6502 0x0000000003792e90 code [0x0000000003793000, 0x00000000037932d8]
Event: 36.809 Thread 0x000000001af87000 6503       2       java.lang.ThreadLocal::get (38 bytes)
Event: 36.809 Thread 0x000000001af87000 nmethod 6503 0x0000000003792990 code [0x0000000003792b20, 0x0000000003792d28]

GC Heap History (10 events):
Event: 15.772 GC heap before
{Heap before GC invocations=8 (full 2):
 PSYoungGen      total 204800K, used 196608K [0x0000000780700000, 0x0000000794a00000, 0x00000007c0000000)
  eden space 196608K, 100% used [0x0000000780700000,0x000000078c700000,0x000000078c700000)
  from space 8192K, 0% used [0x000000078c700000,0x000000078c700000,0x000000078cf00000)
  to   space 15360K, 0% used [0x0000000793b00000,0x0000000793b00000,0x0000000794a00000)
 ParOldGen       total 111104K, used 19780K [0x0000000701400000, 0x0000000708080000, 0x0000000780700000)
  object space 111104K, 17% used [0x0000000701400000,0x00000007027510b8,0x0000000708080000)
 Metaspace       used 41128K, capacity 42410K, committed 42752K, reserved 1085440K
  class space    used 5532K, capacity 5799K, committed 5888K, reserved 1048576K
Event: 15.888 GC heap after
Heap after GC invocations=8 (full 2):
 PSYoungGen      total 313856K, used 13772K [0x0000000780700000, 0x0000000795100000, 0x00000007c0000000)
  eden space 298496K, 0% used [0x0000000780700000,0x0000000780700000,0x0000000792a80000)
  from space 15360K, 89% used [0x0000000793b00000,0x0000000794873038,0x0000000794a00000)
  to   space 16896K, 0% used [0x0000000792a80000,0x0000000792a80000,0x0000000793b00000)
 ParOldGen       total 111104K, used 19780K [0x0000000701400000, 0x0000000708080000, 0x0000000780700000)
  object space 111104K, 17% used [0x0000000701400000,0x00000007027510b8,0x0000000708080000)
 Metaspace       used 41128K, capacity 42410K, committed 42752K, reserved 1085440K
  class space    used 5532K, capacity 5799K, committed 5888K, reserved 1048576K
}
Event: 20.249 GC heap before
{Heap before GC invocations=9 (full 2):
 PSYoungGen      total 313856K, used 312268K [0x0000000780700000, 0x0000000795100000, 0x00000007c0000000)
  eden space 298496K, 100% used [0x0000000780700000,0x0000000792a80000,0x0000000792a80000)
  from space 15360K, 89% used [0x0000000793b00000,0x0000000794873038,0x0000000794a00000)
  to   space 16896K, 0% used [0x0000000792a80000,0x0000000792a80000,0x0000000793b00000)
 ParOldGen       total 111104K, used 19780K [0x0000000701400000, 0x0000000708080000, 0x0000000780700000)
  object space 111104K, 17% used [0x0000000701400000,0x00000007027510b8,0x0000000708080000)
 Metaspace       used 48608K, capacity 50658K, committed 50816K, reserved 1093632K
  class space    used 6518K, capacity 6915K, committed 7040K, reserved 1048576K
Event: 20.314 GC heap after
Heap after GC invocations=9 (full 2):
 PSYoungGen      total 315392K, used 16876K [0x0000000780700000, 0x000000079e780000, 0x00000007c0000000)
  eden space 298496K, 0% used [0x0000000780700000,0x0000000780700000,0x0000000792a80000)
  from space 16896K, 99% used [0x0000000792a80000,0x0000000793afb2d0,0x0000000793b00000)
  to   space 20480K, 0% used [0x000000079d380000,0x000000079d380000,0x000000079e780000)
 ParOldGen       total 111104K, used 21548K [0x0000000701400000, 0x0000000708080000, 0x0000000780700000)
  object space 111104K, 19% used [0x0000000701400000,0x000000070290b358,0x0000000708080000)
 Metaspace       used 48608K, capacity 50658K, committed 50816K, reserved 1093632K
  class space    used 6518K, capacity 6915K, committed 7040K, reserved 1048576K
}
Event: 26.831 GC heap before
{Heap before GC invocations=10 (full 2):
 PSYoungGen      total 315392K, used 315372K [0x0000000780700000, 0x000000079e780000, 0x00000007c0000000)
  eden space 298496K, 100% used [0x0000000780700000,0x0000000792a80000,0x0000000792a80000)
  from space 16896K, 99% used [0x0000000792a80000,0x0000000793afb2d0,0x0000000793b00000)
  to   space 20480K, 0% used [0x000000079d380000,0x000000079d380000,0x000000079e780000)
 ParOldGen       total 111104K, used 21548K [0x0000000701400000, 0x0000000708080000, 0x0000000780700000)
  object space 111104K, 19% used [0x0000000701400000,0x000000070290b358,0x0000000708080000)
 Metaspace       used 52220K, capacity 54500K, committed 54528K, reserved 1095680K
  class space    used 6989K, capacity 7414K, committed 7424K, reserved 1048576K
Event: 26.891 GC heap after
Heap after GC invocations=10 (full 2):
 PSYoungGen      total 457728K, used 20478K [0x0000000780700000, 0x000000079e780000, 0x00000007c0000000)
  eden space 437248K, 0% used [0x0000000780700000,0x0000000780700000,0x000000079b200000)
  from space 20480K, 99% used [0x000000079d380000,0x000000079e77f908,0x000000079e780000)
  to   space 24576K, 0% used [0x000000079b780000,0x000000079b780000,0x000000079cf80000)
 ParOldGen       total 111104K, used 24079K [0x0000000701400000, 0x0000000708080000, 0x0000000780700000)
  object space 111104K, 21% used [0x0000000701400000,0x0000000702b83d18,0x0000000708080000)
 Metaspace       used 52220K, capacity 54500K, committed 54528K, reserved 1095680K
  class space    used 6989K, capacity 7414K, committed 7424K, reserved 1048576K
}
Event: 36.270 GC heap before
{Heap before GC invocations=11 (full 2):
 PSYoungGen      total 457728K, used 368762K [0x0000000780700000, 0x000000079e780000, 0x00000007c0000000)
  eden space 437248K, 79% used [0x0000000780700000,0x0000000795b1f080,0x000000079b200000)
  from space 20480K, 99% used [0x000000079d380000,0x000000079e77f908,0x000000079e780000)
  to   space 24576K, 0% used [0x000000079b780000,0x000000079b780000,0x000000079cf80000)
 ParOldGen       total 111104K, used 24079K [0x0000000701400000, 0x0000000708080000, 0x0000000780700000)
  object space 111104K, 21% used [0x0000000701400000,0x0000000702b83d18,0x0000000708080000)
 Metaspace       used 56173K, capacity 58970K, committed 59028K, reserved 1099776K
  class space    used 7519K, capacity 8019K, committed 8064K, reserved 1048576K
Event: 36.319 GC heap after
Heap after GC invocations=11 (full 2):
 PSYoungGen      total 467456K, used 15940K [0x0000000780700000, 0x00000007a4b80000, 0x00000007c0000000)
  eden space 442880K, 0% used [0x0000000780700000,0x0000000780700000,0x000000079b780000)
  from space 24576K, 64% used [0x000000079b780000,0x000000079c711380,0x000000079cf80000)
  to   space 24576K, 0% used [0x00000007a3380000,0x00000007a3380000,0x00000007a4b80000)
 ParOldGen       total 111104K, used 28555K [0x0000000701400000, 0x0000000708080000, 0x0000000780700000)
  object space 111104K, 25% used [0x0000000701400000,0x0000000702fe2cd8,0x0000000708080000)
 Metaspace       used 56173K, capacity 58970K, committed 59028K, reserved 1099776K
  class space    used 7519K, capacity 8019K, committed 8064K, reserved 1048576K
}
Event: 36.319 GC heap before
{Heap before GC invocations=12 (full 3):
 PSYoungGen      total 467456K, used 15940K [0x0000000780700000, 0x00000007a4b80000, 0x00000007c0000000)
  eden space 442880K, 0% used [0x0000000780700000,0x0000000780700000,0x000000079b780000)
  from space 24576K, 64% used [0x000000079b780000,0x000000079c711380,0x000000079cf80000)
  to   space 24576K, 0% used [0x00000007a3380000,0x00000007a3380000,0x00000007a4b80000)
 ParOldGen       total 111104K, used 28555K [0x0000000701400000, 0x0000000708080000, 0x0000000780700000)
  object space 111104K, 25% used [0x0000000701400000,0x0000000702fe2cd8,0x0000000708080000)
 Metaspace       used 56173K, capacity 58970K, committed 59028K, reserved 1099776K
  class space    used 7519K, capacity 8019K, committed 8064K, reserved 1048576K
Event: 36.492 GC heap after
Heap after GC invocations=12 (full 3):
 PSYoungGen      total 467456K, used 0K [0x0000000780700000, 0x00000007a4b80000, 0x00000007c0000000)
  eden space 442880K, 0% used [0x0000000780700000,0x0000000780700000,0x000000079b780000)
  from space 24576K, 0% used [0x000000079b780000,0x000000079b780000,0x000000079cf80000)
  to   space 24576K, 0% used [0x00000007a3380000,0x00000007a3380000,0x00000007a4b80000)
 ParOldGen       total 151552K, used 33530K [0x0000000701400000, 0x000000070a800000, 0x0000000780700000)
  object space 151552K, 22% used [0x0000000701400000,0x00000007034bea38,0x000000070a800000)
 Metaspace       used 56173K, capacity 58970K, committed 59028K, reserved 1099776K
  class space    used 7519K, capacity 8019K, committed 8064K, reserved 1048576K
}

Deoptimization events (10 events):
Event: 36.588 Thread 0x0000000002480800 Uncommon trap: reason=class_check action=maybe_recompile pc=0x00000000029f0ec4 method=java.io.DataOutputStream.write(I)V @ 5
Event: 36.674 Thread 0x0000000002480800 Uncommon trap: reason=bimorphic action=maybe_recompile pc=0x00000000029f617c method=java.io.DataOutputStream.writeByte(I)V @ 5
Event: 36.674 Thread 0x0000000002480800 Uncommon trap: reason=bimorphic action=maybe_recompile pc=0x00000000029ed048 method=java.io.DataOutputStream.writeShort(I)V @ 12
Event: 36.681 Thread 0x0000000002480800 Uncommon trap: reason=bimorphic action=maybe_recompile pc=0x00000000029f617c method=java.io.DataOutputStream.writeByte(I)V @ 5
Event: 36.681 Thread 0x0000000002480800 Uncommon trap: reason=bimorphic action=maybe_recompile pc=0x00000000029ed048 method=java.io.DataOutputStream.writeShort(I)V @ 12
Event: 36.682 Thread 0x0000000002480800 Uncommon trap: reason=bimorphic action=maybe_recompile pc=0x00000000029f617c method=java.io.DataOutputStream.writeByte(I)V @ 5
Event: 36.682 Thread 0x0000000002480800 Uncommon trap: reason=bimorphic action=maybe_recompile pc=0x00000000029ed048 method=java.io.DataOutputStream.writeShort(I)V @ 12
Event: 36.711 Thread 0x0000000002480800 Uncommon trap: reason=bimorphic action=maybe_recompile pc=0x00000000029f617c method=java.io.DataOutputStream.writeByte(I)V @ 5
Event: 36.711 Thread 0x0000000002480800 Uncommon trap: reason=bimorphic action=maybe_recompile pc=0x00000000029ed048 method=java.io.DataOutputStream.writeShort(I)V @ 12
Event: 36.765 Thread 0x0000000002480800 Uncommon trap: reason=null_check action=make_not_entrant pc=0x000000000353cabc method=java.lang.ThreadLocal$ThreadLocalMap.getEntryAfterMiss(Ljava/lang/ThreadLocal;ILjava/lang/ThreadLocal$ThreadLocalMap$Entry;)Ljava/lang/ThreadLocal$ThreadLocalMap$Entry; @Ú >ı<KB@

Internal exceptions (10 events):
Event: 36.154 Thread 0x0000000002480800 Exception <a 'java/lang/ClassNotFoundException': org/springframework/cloud/stream/config/MergablePropertiesCustomizer> (0x00000007954368f0) thrown at [C:\re\workspace\8-2-build-windows-amd64-cygwin\jdk8u101\7261\hotspot\src\share\vm\classfile\systemDictionq3Üq“B@
Event: 36.155 Thread 0x0000000002480800 Exception <a 'java/lang/ClassNotFoundException': java/lang/ObjectCustomizer> (0x00000007954454f8) thrown at [C:\re\workspace\8-2-build-windows-amd64-cygwin\jdk8u101\7261\hotspot\src\share\vm\classfile\systemDictionary.cpp, line 210]
Event: 36.156 Thread 0x0000000002480800 Exception <a 'java/lang/ClassNotFoundException': org/springframework/cloud/stream/binder/ProducerPropertiesCustomizer> (0x00000007954759f0) thrown at [C:\re\workspace\8-2-build-windows-amd64-cygwin\jdk8u101\7261\hotspot\src\share\vm\classfile\systemDiction‚gé8B@
Event: 36.158 Thread 0x0000000002480800 Exception <a 'java/lang/ClassNotFoundException': org/springframework/cloud/stream/config/MergablePropertiesCustomizer> (0x00000007954cbba0) thrown at [C:\re\workspace\8-2-build-windows-amd64-cygwin\jdk8u101\7261\hotspot\src\share\vm\classfile\systemDiction
Event: 36.765 Thread 0x0000000002480800 Implicit null exception at 0x000000000353c9c4 to 0x000000000353ca9d
Event: 36.801 Thread 0x0000000002480800 Exception <a 'java/lang/ClassNotFoundException': java/lang/ObjectCustomizer> (0x00000007825a4258) thrown at [C:\re\workspace\8-2-build-windows-amd64-cygwin\jdk8u101\7261\hotspot\src\share\vm\classfile\systemDictionary.cpp, line 210]
Event: 36.802 Thread 0x0000000002480800 Exception <a 'java/lang/ClassNotFoundException': org/springframework/cloud/netflix/eureka/serviceregistry/EurekaRegistrationCustomizer> (0x00000007825ddde8) thrown at [C:\re\workspace\8-2-build-windows-amd64-cygwin\jdk8u101\7261\hotspot\src\share\vm\classf5®†~ÂfB@
Event: 36.804 Thread 0x0000000002480800 Exception <a 'java/lang/ClassNotFoundException': org/springframework/cloud/client/serviceregistry/RegistrationCustomizer> (0x000000078262e778) thrown at [C:\re\workspace\8-2-build-windows-amd64-cygwin\jdk8u101\7261\hotspot\src\share\vm\classfile\systemDict√πˇ¿¡gB@
Event: 36.811 Thread 0x0000000002480800 Exception <a 'java/lang/ClassNotFoundException': java/lang/ObjectCustomizer> (0x000000078266abd8) thrown at [C:\re\workspace\8-2-build-windows-amd64-cygwin\jdk8u101\7261\hotspot\src\share\vm\classfile\systemDictionary.cpp, line 210]
Event: 36.812 Thread 0x0000000002480800 Exception <a 'java/lang/ClassNotFoundException': com/netflix/appinfo/ApplicationInfoManagerCustomizer> (0x0000000782693020) thrown at [C:\re\workspace\8-2-build-windows-amd64-cygwin\jdk8u101\7261\hotspot\src\share\vm\classfile\systemDictionary.cpp, line 21Ù„H+¿B@

Events (10 events):
Event: 36.810 loading class java/lang/ObjectCustomizer
Event: 36.810 loading class java/lang/ObjectCustomizer done
Event: 36.811 loading class java/lang/ObjectCustomizer
Event: 36.811 loading class java/lang/ObjectCustomizer done
Event: 36.811 loading class com/netflix/appinfo/ApplicationInfoManagerCustomizer
Event: 36.811 loading class com/netflix/appinfo/ApplicationInfoManagerCustomizer done
Event: 36.811 loading class com/netflix/appinfo/ApplicationInfoManagerCustomizer
Event: 36.811 loading class com/netflix/appinfo/ApplicationInfoManagerCustomizer done
Event: 36.812 loading class com/netflix/appinfo/ApplicationInfoManagerCustomizer
Event: 36.812 loading class com/netflix/appinfo/ApplicationInfoManagerCustomizer done


Dynamic libraries:
0x000000013fa90000 - 0x000000013fac7000 	C:\Program Files\Java\jdk1.8.0_101\bin\java.exe
0x0000000076e60000 - 0x0000000077009000 	C:\windows\SYSTEM32\ntdll.dll
0x0000000076d40000 - 0x0000000076e5f000 	C:\windows\system32\kernel32.dll
0x000007fefcd20000 - 0x000007fefcd8b000 	C:\windows\system32\KERNELBASE.dll
0x000007fefd210000 - 0x000007fefd2eb000 	C:\windows\system32\ADVAPI32.dll
0x000007feff030000 - 0x000007feff0cf000 	C:\windows\system32\msvcrt.dll
0x000007fefd500000 - 0x000007fefd51f000 	C:\windows\SYSTEM32\sechost.dll
0x000007fefdda0000 - 0x000007fefdecd000 	C:\windows\system32\RPCRT4.dll
0x0000000076c40000 - 0x0000000076d3a000 	C:\windows\system32\USER32.dll
0x000007fefd400000 - 0x000007fefd467000 	C:\windows\system32\GDI32.dll
0x000007fefd470000 - 0x000007fefd47e000 	C:\windows\system32\LPK.dll
0x000007fefdf80000 - 0x000007fefe049000 	C:\windows\system32\USP10.dll
0x000007fefad00000 - 0x000007fefaef4000 	C:\windows\WinSxS\amd64_microsoft.windows.common-controls_6595b64144ccf1df_6.0.7601.17514_none_fa396087175ac9ac\COMCTL32.dll
0x000007fefd480000 - 0x000007fefd4f1000 	C:\windows\system32\SHLWAPI.dll
0x000007fefe060000 - 0x000007fefe08e000 	C:\windows\system32\IMM32.DLL
0x000007fefd2f0000 - 0x000007fefd3f9000 	C:\windows\system32\MSCTF.dll
0x000000005df70000 - 0x000000005e042000 	C:\Program Files\Java\jdk1.8.0_101\jre\bin\msvcr100.dll
0x000000006ffd0000 - 0x000000007086a000 	C:\Program Files\Java\jdk1.8.0_101\jre\bin\server\jvm.dll
0x000007fef8960000 - 0x000007fef8969000 	C:\windows\system32\WSOCK32.dll
0x000007fefdf30000 - 0x000007fefdf7d000 	C:\windows\system32\WS2_32.dll
0x000007fefe050000 - 0x000007fefe058000 	C:\windows\system32\NSI.dll
0x000007fefa940000 - 0x000007fefa97b000 	C:\windows\system32\WINMM.dll
0x000007fefbce0000 - 0x000007fefbcec000 	C:\windows\system32\VERSION.dll
0x0000000077020000 - 0x0000000077027000 	C:\windows\system32\PSAPI.DLL
0x0000000066b80000 - 0x0000000066b8f000 	C:\Program Files\Java\jdk1.8.0_101\jre\bin\verify.dll
0x0000000060250000 - 0x0000000060279000 	C:\Program Files\Java\jdk1.8.0_101\jre\bin\java.dll
0x00000000600b0000 - 0x00000000600c6000 	C:\Program Files\Java\jdk1.8.0_101\jre\bin\zip.dll
0x000007fefe090000 - 0x000007fefee18000 	C:\windows\system32\SHELL32.dll
0x000007fefee20000 - 0x000007feff023000 	C:\windows\system32\ole32.dll
0x000007fefcc30000 - 0x000007fefcc3f000 	C:\windows\system32\profapi.dll
0x000007feed410000 - 0x000007feed420000 	F:\Program Files (x86)\JetBrains\IntelliJ IDEA 14.0.3\bin\breakgen64.dll
0x0000000060090000 - 0x00000000600aa000 	C:\Program Files\Java\jdk1.8.0_101\jre\bin\net.dll
0x000007fefc3c0000 - 0x000007fefc415000 	C:\windows\system32\mswsock.dll
0x000007fefc3b0000 - 0x000007fefc3b7000 	C:\windows\System32\wship6.dll
0x000007fefa680000 - 0x000007fefa6a7000 	C:\windows\system32\IPHLPAPI.DLL
0x000007fefa660000 - 0x000007fefa66b000 	C:\windows\system32\WINNSI.DLL
0x000007fefa300000 - 0x000007fefa311000 	C:\windows\system32\dhcpcsvc6.DLL
0x000007fefa2e0000 - 0x000007fefa2f8000 	C:\windows\system32\dhcpcsvc.DLL
0x000007fefc240000 - 0x000007fefc29b000 	C:\windows\system32\DNSAPI.dll
0x000000006b970000 - 0x000000006b996000 	C:\Program Files\Bonjour\mdnsNSP.dll
0x000007fefbde0000 - 0x000007fefbde7000 	C:\windows\System32\wshtcpip.dll
0x000007fef3dc0000 - 0x000007fef3dc8000 	C:\windows\system32\rasadhlp.dll
0x000007fefa3a0000 - 0x000007fefa3f3000 	C:\windows\System32\fwpuclnt.dll
0x0000000060c90000 - 0x0000000060c9d000 	C:\Program Files\Java\jdk1.8.0_101\jre\bin\management.dll
0x000007fefb1b0000 - 0x000007fefb1c5000 	C:\windows\system32\NLAapi.dll
0x000007fef3260000 - 0x000007fef3275000 	C:\windows\system32\napinsp.dll
0x000007fef3240000 - 0x000007fef3259000 	C:\windows\system32\pnrpnsp.dll
0x000007fef3230000 - 0x000007fef323b000 	C:\windows\System32\winrnr.dll
0x0000000060000000 - 0x0000000060011000 	C:\Program Files\Java\jdk1.8.0_101\jre\bin\nio.dll
0x000000005ff30000 - 0x000000005ff54000 	C:\Program Files\Java\jdk1.8.0_101\jre\bin\sunec.dll
0x000007fefc420000 - 0x000007fefc437000 	C:\windows\system32\CRYPTSP.dll
0x000007fefc120000 - 0x000007fefc167000 	C:\windows\system32\rsaenh.dll
0x000007fefcf80000 - 0x000007fefcf9e000 	C:\windows\system32\USERENV.dll
0x000007fefca80000 - 0x000007fefca8f000 	C:\windows\system32\CRYPTBASE.dll

VM Arguments:
jvm_args: -Didea.launcher.port=7541 -Didea.launcher.bin.path=F:\Program Files (x86)\JetBrains\IntelliJ IDEA 14.0.3\bin -Dfile.encoding=GBK 
java_command: com.intellij.rt.execution.application.AppMain com.lanhusoft.Application
java_class_path (initial): C:\Program Files\Java\jdk1.8.0_101\jre\lib\charsets.jar;C:\Program Files\Java\jdk1.8.0_101\jre\lib\deploy.jar;C:\Program Files\Java\jdk1.8.0_101\jre\lib\javaws.jar;C:\Program Files\Java\jdk1.8.0_101\jre\lib\jce.jar;C:\Program Files\Java\jdk1.8.0_101\jre\lib\jfr.jar;C:\Program Files\Java\jdk1.8.0_101\jre\lib\jfxswt.jar;C:\Program Files\Java\jdk1.8.0_101\jre\lib\jsse.jar;C:\Program Files\Java\jdk1.8.0_101\jre\lib\management-agent.jar;C:\Program Files\Java\jdk1.8.0_101\jre\lib\plugin.jar;C:\Program Files\Java\jdk1.8.0_101\jre\lib\resources.jar;C:\Program Files\Java\jdk1.8.0_101\jre\lib\rt.jar;C:\Program Files\Java\jdk1.8.0_101\jre\lib\ext\access-bridge-64.jar;C:\Program Files\Java\jdk1.8.0_101\jre\lib\ext\cldrdata.jar;C:\Program Files\Java\jdk1.8.0_101\jre\lib\ext\dnsns.jar;C:\Program Files\Java\jdk1.8.0_101\jre\lib\ext\jaccess.jar;C:\Program Files\Java\jdk1.8.0_101\jre\lib\ext\jfxrt.jar;C:\Program Files\Java\jdk1.8.0_101\jre\lib\ext\localedata.jar;C:\Program Files\Java\jdk1.8.0_101\jre\lib\ext\nashorn.jar;C:\Program Files\Java\jdk1.8.0_101\jre\lib\ext\sunec.jar;C:\Program Files\Java\jdk1.8.0_101\jre\lib\ext\sunjce_provider.jar;C:\Program Files\Java\jdk1.8.0_101\jre\lib\ext\sunmscapi.jar;C:\Program Files\Java\jdk1.8.0_101\jre\lib\ext\sunpkcs11.jar;C:\Program Files\Java\jdk1.8.0_101\jre\lib\ext\zipfs.jar;E:\Java-src\spring-cloud-demo\spring-cloud-config-client\target\classes;C:\Users\Administrator\.m2\repository\org\springframework\cloud\spring-cloud-starter-config\2.0.1.RELEASE\spring-cloud-starter-config-2.0.1.RELEASE.jar;C:\Users\Administrator\.m2\repository\org\springframework\cloud\spring-cloud-starter\2.0.1.RELEASE\spring-cloud-starter-2.0.1.RELEASE.jar;C:\Users\Administrator\.m2\repository\org\springframework\cloud\spring-cloud-context\2.0.1.RELEASE\spring-cloud-context-2.0.1.RELEASE.jar;C:\Users\Administrator\.m2\repository\org\springframework\security\spring-security-crypto\5.0.4.RELEASE\spring-security-crypto-5.0.4.RELEASE.jar;C:\U
Launcher Type: SUN_STANDARD

Environment Variables:
JAVA_HOME=C:\Program Files\Java\jdk1.8.0_101
PATH=I:\Program Files (x86)\Python37-32\Scripts\;I:\Program Files (x86)\Python37-32\;C:\ProgramData\Oracle\Java\javapath;C:\Program Files (x86)\PHP\;C:\windows\system32;C:\windows;C:\windows\System32\Wbem;C:\windows\System32\WindowsPowerShell\v1.0\;C:\Program Files (x86)\VisualSVN Server\bin;C:\Program Files (x86)\Intel\OpenCL SDK\2.0\bin\x86;C:\Program Files (x86)\Intel\OpenCL SDK\2.0\bin\x64;C:\Program Files\TortoiseSVN\bin;C:\Program Files (x86)\Microsoft SQL Server\100\Tools\Binn\;C:\Program Files (x86)\Microsoft SQL Server\100\DTS\Binn\;C:\Program Files (x86)\Microsoft SQL Server\100\Tools\Binn\VSShell\Common7\IDE\;C:\Program Files (x86)\Microsoft Visual Studio 9.0\Common7\IDE\PrivateAssemblies\;C:\Program Files\Microsoft SQL Server\100\Tools\Binn\;C:\Program Files\Microsoft SQL Server\100\DTS\Binn\;C:\Program Files (x86)\Microsoft ASP.NET\ASP.NET Web Pages\v1.0\;C:\Program Files\Microsoft\Web Platform Installer\;C:\Program Files\Java\jdk1.8.0_101\bin;C:\Program Files\Java\jdk1.8.0_101\jre\bin;C:\Program Files (x86)\VisualSVN\bin;C:\Program Files (x86)\CodeSmith\v6.5\;F:\apache-maven-3.3.9\bin;E:\phpnow\MySQL-5.1.50\bin\;F:\apache-maven-3.3.9\bin;C:\Program Files (x86)\Microsoft SDKs\TypeScript\1.0\;F:\java-adt-windows-x86_64\sdk\platform-tools;E:\Program Files\nodejs\;C:\Windows\Microsoft.NET\Framework64\v4.0.30319;C:\Program Files\Microsoft SQL Server\120\Tools\Binn\;C:\Program Files\Microsoft SQL Server\130\Tools\Binn\;C:\Program Files (x86)\Windows Kits\8.1\Windows Performance Toolkit\;C:\Program Files\Microsoft SQL Server\110\Tools\Binn\;C:\Program Files\dotnet\;D:\phantomjs-2.1.1-windows\bin;I:\Program Files\Git\cmd;E:\Program Files\Microsoft VS Code\bin;C:\Users\Administrator\AppData\Roaming\npm;E:\Program Files\Microsoft VS Code\bin;C:\Users\Administrator\AppData\Local\Programs\Fiddler;C:\Users\Administrator\.dotnet\tools
USERNAME=Administrator
OS=Windows_NT
PROCESSOR_IDENTIFIER=Intel64 Family 6 Model 42 Stepping 7, GenuineIntel



---------------  S Y S T E M  ---------------

OS: Windows 7 , 64 bit Build 7601 (6.1.7601.18015)

CPU:total 4 (2 cores per cpu, 2 threads per core) family 6 model 42 stepping 7, cmov, cx8, fxsr, mmx, sse, sse2, sse3, ssse3, sse4.1, sse4.2, popcnt, avx, clmul, ht, tsc, tscinvbit

Memory: 4k page, physical 12493120k(2397940k free), swap 12491256k(5112k free)

vm_info: Java HotSpot(TM) 64-Bit Server VM (25.101-b13) for windows-amd64 JRE (1.8.0_101-b13), built on Jun 22 2016 01:21:29 by "java_re" with MS VC++ 10.0 (VS2010)

time: Fri Aug 24 21:46:28 2018
elapsed time: 36 seconds (0d 0h 0m 36s)

